<?xml version="1.0" encoding="UTF-8"?>
<!-- Generated by org.testng.reporters.JUnitReportReporter -->
<testsuite skipped="0" hostname="FG2000073035" name="com.selenium.restapi.RestApi" tests="1" failures="0" timestamp="10 Jun 2018 10:16:36 GMT" time="7.287" errors="0">
  <testcase name="countryNamesTest" time="7.287" classname="com.selenium.restapi.RestApi"/>
</testsuite> <!-- com.selenium.restapi.RestApi -->
